2025-08-07 20:28:15,658 - lightrag_integration - INFO - Clinical Metabolomics Oracle LightRAG Integration v1.1.0 initialized with enhanced logging
2025-08-07 20:28:15,658 - lightrag_integration - INFO - Enabled features: lightrag_integration_enabled, quality_validation_enabled, cost_tracking_enabled, relevance_scoring_enabled, pdf_processing_enabled, circuit_breaker_enabled
2025-08-07 20:28:15,658 - lightrag_integration - INFO - Integration health: healthy
2025-08-07 20:28:15,659 - lightrag_integration - INFO - Integration setup validation passed
2025-08-07 20:28:15,659 - lightrag_integration - INFO - Enabled features: lightrag_integration_enabled, quality_validation_enabled, cost_tracking_enabled, relevance_scoring_enabled, pdf_processing_enabled, circuit_breaker_enabled
2025-08-07 20:28:15,659 - lightrag_integration - INFO - Integration health: healthy
2025-08-07 20:28:15,659 - lightrag_integration - INFO - Integration setup validation passed
2025-08-07 20:28:15,659 - lightrag_integration - INFO - Enabled features: lightrag_integration_enabled, cost_tracking_enabled, pdf_processing_enabled, circuit_breaker_enabled
2025-08-07 20:28:15,659 - lightrag_integration - INFO - Integration health: healthy
2025-08-07 20:28:15,660 - lightrag_integration - INFO - Integration setup validation passed
2025-08-07 20:28:15,660 - lightrag_integration - INFO - Enabled features: lightrag_integration_enabled, quality_validation_enabled, cost_tracking_enabled, pdf_processing_enabled, circuit_breaker_enabled
2025-08-07 20:28:15,660 - lightrag_integration - INFO - Integration health: healthy
2025-08-07 20:28:15,660 - lightrag_integration - INFO - Integration setup validation passed
2025-08-07 20:28:15,660 - lightrag_integration - INFO - Enabled features: quality_validation_enabled, cost_tracking_enabled, pdf_processing_enabled, circuit_breaker_enabled
2025-08-07 20:28:15,660 - lightrag_integration - INFO - Integration health: healthy
2025-08-07 20:28:15,660 - lightrag_integration - WARNING - Integration setup issues detected: LightRAG integration is disabled (LIGHTRAG_INTEGRATION_ENABLED=false)
2025-08-07 20:28:15,661 - lightrag_integration - INFO - Enabled features: lightrag_integration_enabled, quality_validation_enabled, cost_tracking_enabled, pdf_processing_enabled, circuit_breaker_enabled
2025-08-07 20:28:15,661 - lightrag_integration - INFO - Integration health: healthy
2025-08-07 20:28:15,661 - lightrag_integration - INFO - Integration setup validation passed
2025-08-07 20:28:15,661 - lightrag_integration - INFO - Enabled features: lightrag_integration_enabled, cost_tracking_enabled, pdf_processing_enabled, circuit_breaker_enabled
2025-08-07 20:28:15,661 - lightrag_integration - INFO - Integration health: healthy
2025-08-07 20:28:15,661 - lightrag_integration - INFO - Integration setup validation passed
